\BOOKMARK [0][-]{chapter.1}{Introduction of the Research}{}% 1
\BOOKMARK [0][-]{chapter.2}{Literature review }{}% 2
\BOOKMARK [1][-]{section.2.1}{ Parse Tree}{chapter.2}% 3
\BOOKMARK [1][-]{section.2.2}{ Named Entity Recognation and Classification NERC}{chapter.2}% 4
\BOOKMARK [1][-]{section.2.3}{Hidden Markov Model}{chapter.2}% 5
\BOOKMARK [1][-]{section.2.4}{Supporting Vector Machine \(SVM\) based model}{chapter.2}% 6
\BOOKMARK [1][-]{section.2.5}{Disadvantages of SVM}{chapter.2}% 7
\BOOKMARK [1][-]{section.2.6}{Some Terminologies}{chapter.2}% 8
\BOOKMARK [1][-]{section.2.7}{Text classification and Naive Bayes}{chapter.2}% 9
\BOOKMARK [1][-]{section.2.8}{Machine learning for Named Entities}{chapter.2}% 10
\BOOKMARK [0][-]{chapter.3}{Research Methodology}{}% 11
\BOOKMARK [1][-]{section.3.1}{Data and tools}{chapter.3}% 12
\BOOKMARK [1][-]{section.3.2}{Data Analysis and Filtering}{chapter.3}% 13
\BOOKMARK [1][-]{section.3.3}{Supervised vs Unsupervised Machine Learning}{chapter.3}% 14
\BOOKMARK [1][-]{section.3.4}{NLP Corpus}{chapter.3}% 15
\BOOKMARK [1][-]{section.3.5}{Modules and packages}{chapter.3}% 16
\BOOKMARK [1][-]{section.3.6}{Extraction of Entities }{chapter.3}% 17
\BOOKMARK [1][-]{section.3.7}{Top Section Dataset }{chapter.3}% 18
\BOOKMARK [1][-]{section.3.8}{Stanford Named Entities Recognition}{chapter.3}% 19
\BOOKMARK [1][-]{section.3.9}{Natural Language ToolKit \(NLTK\)}{chapter.3}% 20
\BOOKMARK [1][-]{section.3.10}{Polyglot Named classifier}{chapter.3}% 21
\BOOKMARK [1][-]{section.3.11}{Sample Files}{chapter.3}% 22
\BOOKMARK [0][-]{chapter.4}{Results Discussion and Testing}{}% 23
\BOOKMARK [1][-]{section.4.1}{General Overview}{chapter.4}% 24
\BOOKMARK [1][-]{section.4.2}{Case Study Results}{chapter.4}% 25
\BOOKMARK [1][-]{section.4.3}{Testing}{chapter.4}% 26
\BOOKMARK [0][-]{chapter.5}{Conclusion and Future work}{}% 27
\BOOKMARK [0][-]{chapter*.17}{References}{}% 28
